	 Image to text: 85.4, 97.1, 98.7, 1.0, 1.6 	 Text to image: 65.4, 87.2, 91.7, 1.0, 5.0
	 currscore: 525.5
26 th: clip 2 rank 0 comb 0
52 th: clip 1 rank 967 comb 0
113 th: clip 1 rank 115 comb 0
130 th: clip 2 rank 5 comb 0
146 th: clip 3 rank 42 comb 2
162 th: clip 3 rank 2 comb 0
187 th: clip 5 rank 588 comb 4
234 th: clip 1 rank 46 comb 0
238 th: clip 3 rank 13 comb 2
265 th: clip 1 rank 236 comb 0
293 th: clip 5 rank 30 comb 4
296 th: clip 23 rank 27 comb 11
325 th: clip 7 rank 1 comb 3
338 th: clip 4 rank 0 comb 2
415 th: clip 1 rank 9 comb 0
419 th: clip 12 rank 7 comb 11
425 th: clip 3 rank 0 comb 1
426 th: clip 1 rank 9 comb 0
440 th: clip 1 rank 372 comb 0
443 th: clip 11 rank 20 comb 8
445 th: clip 2 rank 74 comb 0
446 th: clip 2 rank 1040 comb 0
447 th: clip 5 rank 18 comb 4
454 th: clip 5 rank 9 comb 2
473 th: clip 1 rank 556 comb 0
485 th: clip 44 rank 229 comb 24
495 th: clip 2 rank 415 comb 1
517 th: clip 10 rank 0 comb 4
541 th: clip 4 rank 320 comb 3
563 th: clip 1 rank 443 comb 0
576 th: clip 1 rank 209 comb 0
587 th: clip 2 rank 1 comb 0
605 th: clip 1 rank 40 comb 0
617 th: clip 1 rank 117 comb 0
624 th: clip 1 rank 82 comb 0
635 th: clip 1 rank 0 comb 0
640 th: clip 2 rank 3 comb 0
660 th: clip 1 rank 24 comb 0
668 th: clip 3 rank 2 comb 1
673 th: clip 1 rank 112 comb 0
701 th: clip 1 rank 0 comb 0
706 th: clip 1 rank 416 comb 0
723 th: clip 2 rank 137 comb 1
752 th: clip 3 rank 470 comb 2
753 th: clip 8 rank 16 comb 4
770 th: clip 10 rank 4 comb 8
788 th: clip 1 rank 0 comb 0
810 th: clip 4 rank 24 comb 1
816 th: clip 1 rank 23 comb 0
829 th: clip 1 rank 268 comb 0
867 th: clip 1 rank 1 comb 0
874 th: clip 4 rank 163 comb 3
889 th: clip 2 rank 0 comb 1
893 th: clip 1 rank 440 comb 0
944 th: clip 1 rank 26 comb 0
952 th: clip 1 rank 24 comb 0
956 th: clip 2 rank 20 comb 0
985 th: clip 6 rank 149 comb 5
989 th: clip 1 rank 3 comb 0
990 th: clip 1 rank 875 comb 0
992 th: clip 1 rank 5 comb 0
995 th: clip 1 rank 31 comb 0
85.4, 97.1, 98.7, 281.2
9.9, 25.9, 35.0, 70.8
87.1, 96.9, 98.9, 282.9
r1, r5, r10, r1+r5+r10
85.4, 97.1, 98.7, 281.2
9.9, 25.9, 35.0, 70.8
87.1, 96.9, 98.9, 282.9
