	 Image to text: 85.4, 97.1, 98.7, 1.0, 1.6 	 Text to image: 65.4, 87.2, 91.7, 1.0, 5.0
	 currscore: 525.5
26 th: clip 2 rank 1 comb 0
52 th: clip 1 rank 382 comb 0
113 th: clip 1 rank 77 comb 0
130 th: clip 2 rank 3 comb 0
137 th: clip 1 rank 61 comb 0
146 th: clip 3 rank 70 comb 2
162 th: clip 3 rank 3 comb 0
187 th: clip 5 rank 394 comb 4
234 th: clip 1 rank 24 comb 0
238 th: clip 3 rank 8 comb 1
265 th: clip 1 rank 278 comb 0
293 th: clip 5 rank 9 comb 3
296 th: clip 23 rank 7 comb 9
325 th: clip 7 rank 2 comb 4
365 th: clip 9 rank 412 comb 8
415 th: clip 1 rank 13 comb 0
419 th: clip 12 rank 7 comb 11
425 th: clip 3 rank 0 comb 0
426 th: clip 1 rank 9 comb 0
440 th: clip 1 rank 379 comb 0
443 th: clip 11 rank 22 comb 8
445 th: clip 2 rank 71 comb 0
446 th: clip 2 rank 929 comb 0
454 th: clip 5 rank 9 comb 2
473 th: clip 1 rank 335 comb 0
485 th: clip 44 rank 194 comb 24
495 th: clip 2 rank 416 comb 1
517 th: clip 10 rank 6 comb 6
541 th: clip 4 rank 344 comb 3
563 th: clip 1 rank 311 comb 0
576 th: clip 1 rank 222 comb 0
587 th: clip 2 rank 0 comb 0
605 th: clip 1 rank 48 comb 0
617 th: clip 1 rank 107 comb 0
624 th: clip 1 rank 75 comb 0
635 th: clip 1 rank 0 comb 0
640 th: clip 2 rank 23 comb 0
642 th: clip 1 rank 31 comb 0
660 th: clip 1 rank 10 comb 0
668 th: clip 3 rank 2 comb 1
673 th: clip 1 rank 168 comb 0
679 th: clip 9 rank 122 comb 8
723 th: clip 2 rank 129 comb 1
735 th: clip 3 rank 2 comb 2
752 th: clip 3 rank 492 comb 2
753 th: clip 8 rank 20 comb 4
770 th: clip 10 rank 4 comb 8
788 th: clip 1 rank 0 comb 0
810 th: clip 4 rank 10 comb 1
816 th: clip 1 rank 13 comb 0
829 th: clip 1 rank 246 comb 0
874 th: clip 4 rank 110 comb 3
889 th: clip 2 rank 0 comb 0
893 th: clip 1 rank 411 comb 0
944 th: clip 1 rank 14 comb 0
952 th: clip 1 rank 16 comb 0
956 th: clip 2 rank 20 comb 0
985 th: clip 6 rank 108 comb 5
989 th: clip 1 rank 3 comb 0
990 th: clip 1 rank 812 comb 0
992 th: clip 1 rank 3 comb 0
995 th: clip 1 rank 30 comb 0
85.4, 97.1, 98.7, 281.2
10.4, 25.4, 34.3, 70.1
87.6, 96.9, 99.0, 283.5
r1, r5, r10, r1+r5+r10
85.4, 97.1, 98.7, 281.2
10.4, 25.4, 34.3, 70.1
87.6, 96.9, 99.0, 283.5
