	 Image to text: 85.4, 97.1, 98.7, 1.0, 1.6 	 Text to image: 65.4, 87.2, 91.7, 1.0, 5.0
	 currscore: 525.5
11 th: clip 4 rank 588 comb 3
38 th: clip 6 rank 5 comb 3
39 th: clip 4 rank 4 comb 3
52 th: clip 8 rank 67 comb 4
63 th: clip 1 rank 4 comb 0
64 th: clip 17 rank 37 comb 14
72 th: clip 9 rank 6 comb 4
83 th: clip 2 rank 13 comb 1
96 th: clip 9 rank 5 comb 5
97 th: clip 1 rank 34 comb 0
98 th: clip 6 rank 25 comb 2
103 th: clip 6 rank 11 comb 4
104 th: clip 11 rank 72 comb 8
106 th: clip 16 rank 8 comb 4
117 th: clip 1 rank 0 comb 0
119 th: clip 4 rank 0 comb 1
140 th: clip 1 rank 66 comb 0
141 th: clip 40 rank 9 comb 26
151 th: clip 5 rank 2 comb 3
155 th: clip 11 rank 31 comb 10
159 th: clip 28 rank 75 comb 21
173 th: clip 10 rank 70 comb 9
194 th: clip 5 rank 0 comb 1
205 th: clip 11 rank 1 comb 6
206 th: clip 16 rank 40 comb 13
207 th: clip 53 rank 31 comb 31
209 th: clip 678 rank 352 comb 540
220 th: clip 2 rank 0 comb 1
221 th: clip 3 rank 2 comb 2
223 th: clip 10 rank 68 comb 7
224 th: clip 126 rank 12 comb 85
230 th: clip 3 rank 1 comb 1
232 th: clip 6 rank 289 comb 3
233 th: clip 1 rank 0 comb 0
241 th: clip 4 rank 0 comb 2
243 th: clip 2 rank 3 comb 1
251 th: clip 3 rank 2 comb 2
253 th: clip 11 rank 10 comb 5
254 th: clip 18 rank 108 comb 17
261 th: clip 3 rank 162 comb 2
278 th: clip 12 rank 7 comb 7
287 th: clip 8 rank 174 comb 6
298 th: clip 1 rank 3 comb 0
312 th: clip 24 rank 1 comb 13
314 th: clip 7 rank 24 comb 2
324 th: clip 3 rank 2 comb 1
329 th: clip 6 rank 61 comb 4
345 th: clip 5 rank 117 comb 4
346 th: clip 9 rank 43 comb 7
358 th: clip 17 rank 1 comb 8
391 th: clip 2 rank 2 comb 1
423 th: clip 3 rank 1 comb 2
431 th: clip 18 rank 50 comb 13
438 th: clip 3 rank 21 comb 2
439 th: clip 1 rank 20 comb 0
460 th: clip 1 rank 23 comb 0
466 th: clip 96 rank 3 comb 58
470 th: clip 11 rank 36 comb 10
472 th: clip 8 rank 101 comb 5
480 th: clip 4 rank 68 comb 3
494 th: clip 1 rank 2 comb 0
500 th: clip 6 rank 1 comb 4
504 th: clip 5 rank 0 comb 2
506 th: clip 12 rank 1 comb 8
515 th: clip 24 rank 128 comb 19
517 th: clip 39 rank 209 comb 35
518 th: clip 10 rank 165 comb 8
519 th: clip 3 rank 4 comb 1
524 th: clip 1 rank 372 comb 0
527 th: clip 20 rank 6 comb 13
528 th: clip 5 rank 3 comb 3
554 th: clip 8 rank 95 comb 7
600 th: clip 5 rank 49 comb 2
609 th: clip 5 rank 30 comb 3
611 th: clip 1 rank 0 comb 0
615 th: clip 2 rank 0 comb 1
616 th: clip 10 rank 38 comb 6
618 th: clip 5 rank 23 comb 1
620 th: clip 17 rank 6 comb 10
621 th: clip 52 rank 21 comb 39
623 th: clip 9 rank 99 comb 5
632 th: clip 17 rank 11 comb 10
633 th: clip 2 rank 11 comb 0
634 th: clip 1 rank 4 comb 0
646 th: clip 4 rank 127 comb 2
654 th: clip 7 rank 5 comb 3
655 th: clip 1 rank 1 comb 0
656 th: clip 6 rank 0 comb 1
657 th: clip 4 rank 1 comb 1
658 th: clip 3 rank 1 comb 2
659 th: clip 6 rank 0 comb 1
672 th: clip 8 rank 130 comb 6
678 th: clip 8 rank 58 comb 7
684 th: clip 76 rank 221 comb 71
700 th: clip 3 rank 17 comb 2
701 th: clip 1 rank 0 comb 0
702 th: clip 13 rank 20 comb 10
703 th: clip 1 rank 20 comb 0
704 th: clip 2 rank 0 comb 1
731 th: clip 4 rank 29 comb 3
733 th: clip 6 rank 10 comb 5
739 th: clip 1 rank 316 comb 0
753 th: clip 1 rank 23 comb 0
755 th: clip 12 rank 38 comb 9
769 th: clip 8 rank 38 comb 7
773 th: clip 1 rank 2 comb 0
774 th: clip 1 rank 10 comb 0
789 th: clip 8 rank 84 comb 6
796 th: clip 1 rank 3 comb 0
799 th: clip 15 rank 336 comb 14
811 th: clip 9 rank 10 comb 7
813 th: clip 42 rank 22 comb 32
817 th: clip 5 rank 7 comb 4
819 th: clip 7 rank 73 comb 5
829 th: clip 10 rank 19 comb 7
832 th: clip 1 rank 0 comb 0
833 th: clip 1 rank 3 comb 0
843 th: clip 12 rank 1 comb 5
844 th: clip 1 rank 0 comb 0
852 th: clip 27 rank 36 comb 22
854 th: clip 95 rank 199 comb 91
860 th: clip 1 rank 154 comb 0
862 th: clip 1 rank 1 comb 0
864 th: clip 4 rank 1 comb 1
870 th: clip 1 rank 3 comb 0
872 th: clip 1 rank 6 comb 0
873 th: clip 2 rank 10 comb 0
877 th: clip 2 rank 422 comb 1
886 th: clip 2 rank 88 comb 1
888 th: clip 49 rank 231 comb 35
919 th: clip 5 rank 4 comb 1
924 th: clip 1 rank 3 comb 0
941 th: clip 11 rank 42 comb 9
942 th: clip 12 rank 41 comb 10
944 th: clip 7 rank 15 comb 6
945 th: clip 1 rank 0 comb 0
962 th: clip 2 rank 14 comb 0
990 th: clip 8 rank 8 comb 5
992 th: clip 19 rank 16 comb 14
999 th: clip 15 rank 4 comb 10
1009 th: clip 114 rank 7 comb 36
1015 th: clip 2 rank 227 comb 1
1023 th: clip 3 rank 22 comb 2
1027 th: clip 1 rank 111 comb 0
1034 th: clip 4 rank 2 comb 3
1035 th: clip 2 rank 0 comb 1
1046 th: clip 24 rank 27 comb 17
1047 th: clip 6 rank 16 comb 2
1048 th: clip 13 rank 28 comb 9
1054 th: clip 36 rank 72 comb 24
1064 th: clip 13 rank 44 comb 11
1068 th: clip 1 rank 71 comb 0
1079 th: clip 1 rank 139 comb 0
1085 th: clip 40 rank 9 comb 31
1088 th: clip 5 rank 32 comb 2
1089 th: clip 2 rank 18 comb 0
1123 th: clip 124 rank 55 comb 83
1124 th: clip 1 rank 2 comb 0
1140 th: clip 4 rank 1 comb 0
1141 th: clip 5 rank 9 comb 1
1143 th: clip 3 rank 10 comb 1
1156 th: clip 3 rank 17 comb 2
1157 th: clip 4 rank 119 comb 3
1160 th: clip 1 rank 8 comb 0
1170 th: clip 1 rank 2 comb 0
1190 th: clip 1 rank 3 comb 0
1196 th: clip 2 rank 80 comb 1
1199 th: clip 10 rank 11 comb 5
1231 th: clip 2 rank 18 comb 1
1234 th: clip 34 rank 67 comb 30
1243 th: clip 7 rank 30 comb 3
1268 th: clip 18 rank 29 comb 17
1286 th: clip 50 rank 137 comb 44
1288 th: clip 10 rank 184 comb 9
1298 th: clip 63 rank 85 comb 38
1304 th: clip 4 rank 219 comb 3
1305 th: clip 1 rank 0 comb 0
1314 th: clip 2 rank 1 comb 0
1319 th: clip 11 rank 0 comb 2
1320 th: clip 4 rank 6 comb 3
1322 th: clip 4 rank 0 comb 1
1323 th: clip 6 rank 1 comb 3
1335 th: clip 17 rank 17 comb 10
1344 th: clip 31 rank 259 comb 29
1395 th: clip 41 rank 26 comb 38
1397 th: clip 13 rank 10 comb 11
1398 th: clip 7 rank 8 comb 5
1399 th: clip 17 rank 8 comb 11
1400 th: clip 2 rank 0 comb 1
1404 th: clip 17 rank 29 comb 5
1405 th: clip 4 rank 1 comb 0
1408 th: clip 1 rank 2 comb 0
1422 th: clip 6 rank 17 comb 4
1431 th: clip 1 rank 26 comb 0
1445 th: clip 7 rank 88 comb 6
1446 th: clip 6 rank 66 comb 4
1449 th: clip 1 rank 40 comb 0
1452 th: clip 1 rank 3 comb 0
1469 th: clip 6 rank 143 comb 3
1474 th: clip 6 rank 157 comb 4
1475 th: clip 2 rank 6 comb 1
1480 th: clip 16 rank 3 comb 7
1481 th: clip 111 rank 21 comb 38
1482 th: clip 19 rank 14 comb 13
1483 th: clip 28 rank 11 comb 12
1484 th: clip 44 rank 17 comb 16
1485 th: clip 6 rank 186 comb 5
1488 th: clip 7 rank 165 comb 5
1500 th: clip 16 rank 2 comb 10
1509 th: clip 4 rank 12 comb 2
1514 th: clip 3 rank 7 comb 2
1531 th: clip 3 rank 75 comb 2
1533 th: clip 3 rank 5 comb 1
1534 th: clip 6 rank 21 comb 2
1540 th: clip 4 rank 5 comb 3
1543 th: clip 4 rank 0 comb 2
1547 th: clip 25 rank 58 comb 14
1549 th: clip 26 rank 73 comb 12
1560 th: clip 1 rank 0 comb 0
1564 th: clip 1 rank 0 comb 0
1576 th: clip 6 rank 25 comb 5
1577 th: clip 33 rank 153 comb 32
1580 th: clip 19 rank 131 comb 18
1585 th: clip 7 rank 104 comb 6
1602 th: clip 43 rank 380 comb 42
1605 th: clip 31 rank 4 comb 25
1606 th: clip 84 rank 5 comb 33
1607 th: clip 122 rank 4 comb 57
1608 th: clip 16 rank 2 comb 5
1609 th: clip 41 rank 4 comb 13
1613 th: clip 4 rank 0 comb 1
1617 th: clip 2 rank 13 comb 1
1626 th: clip 230 rank 1 comb 127
1628 th: clip 194 rank 70 comb 141
1629 th: clip 43 rank 38 comb 28
1645 th: clip 2 rank 4 comb 0
1657 th: clip 3 rank 2 comb 0
1666 th: clip 2 rank 38 comb 0
1668 th: clip 24 rank 147 comb 20
1671 th: clip 12 rank 21 comb 9
1674 th: clip 90 rank 7 comb 32
1676 th: clip 3 rank 21 comb 2
1677 th: clip 7 rank 33 comb 5
1678 th: clip 21 rank 15 comb 9
1681 th: clip 4 rank 145 comb 2
1684 th: clip 14 rank 111 comb 11
1690 th: clip 4 rank 16 comb 3
1693 th: clip 112 rank 0 comb 49
1694 th: clip 31 rank 7 comb 8
1716 th: clip 4 rank 169 comb 3
1730 th: clip 1 rank 6 comb 0
1732 th: clip 3 rank 8 comb 1
1736 th: clip 2 rank 0 comb 0
1739 th: clip 1 rank 3 comb 0
1750 th: clip 5 rank 5 comb 2
1756 th: clip 1 rank 10 comb 0
1763 th: clip 15 rank 8 comb 5
1764 th: clip 1 rank 2 comb 0
1774 th: clip 1 rank 39 comb 0
1785 th: clip 2 rank 4 comb 0
1802 th: clip 11 rank 37 comb 9
1806 th: clip 2 rank 8 comb 1
1812 th: clip 9 rank 3 comb 5
1814 th: clip 3 rank 5 comb 2
1825 th: clip 8 rank 12 comb 7
1828 th: clip 14 rank 3 comb 3
1850 th: clip 14 rank 60 comb 9
1853 th: clip 5 rank 63 comb 3
1869 th: clip 2 rank 0 comb 1
1876 th: clip 20 rank 30 comb 9
1885 th: clip 5 rank 1 comb 3
1886 th: clip 14 rank 0 comb 7
1887 th: clip 32 rank 8 comb 15
1888 th: clip 169 rank 0 comb 55
1889 th: clip 401 rank 0 comb 74
1907 th: clip 10 rank 27 comb 8
1908 th: clip 5 rank 11 comb 2
1911 th: clip 2 rank 15 comb 1
1914 th: clip 4 rank 2 comb 3
1934 th: clip 1 rank 2 comb 0
1935 th: clip 7 rank 7 comb 2
1939 th: clip 23 rank 101 comb 16
1949 th: clip 1 rank 215 comb 0
1954 th: clip 3 rank 18 comb 2
1959 th: clip 4 rank 35 comb 1
1960 th: clip 4 rank 20 comb 3
1968 th: clip 114 rank 37 comb 88
1985 th: clip 2 rank 15 comb 1
1986 th: clip 2 rank 24 comb 1
2000 th: clip 1 rank 1 comb 0
2001 th: clip 33 rank 16 comb 20
2003 th: clip 1 rank 1 comb 0
2004 th: clip 8 rank 1 comb 6
2008 th: clip 100 rank 7 comb 57
2011 th: clip 23 rank 67 comb 19
2037 th: clip 1 rank 0 comb 0
2038 th: clip 1 rank 9 comb 0
2039 th: clip 1 rank 0 comb 0
2055 th: clip 8 rank 3 comb 5
2057 th: clip 16 rank 0 comb 9
2058 th: clip 4 rank 0 comb 1
2059 th: clip 10 rank 0 comb 0
2073 th: clip 1 rank 2 comb 0
2074 th: clip 4 rank 9 comb 3
2082 th: clip 6 rank 43 comb 3
2084 th: clip 46 rank 5 comb 6
2096 th: clip 3 rank 2 comb 2
2106 th: clip 1 rank 6 comb 0
2113 th: clip 2 rank 3 comb 0
2116 th: clip 121 rank 18 comb 67
2117 th: clip 17 rank 9 comb 1
2138 th: clip 1 rank 14 comb 0
2139 th: clip 102 rank 323 comb 96
2150 th: clip 10 rank 36 comb 5
2157 th: clip 1 rank 0 comb 0
2162 th: clip 2 rank 65 comb 0
2176 th: clip 155 rank 73 comb 87
2187 th: clip 2 rank 181 comb 1
2189 th: clip 33 rank 75 comb 25
2190 th: clip 4 rank 10 comb 1
2191 th: clip 2 rank 2 comb 1
2193 th: clip 8 rank 45 comb 6
2194 th: clip 5 rank 4 comb 3
2208 th: clip 4 rank 93 comb 3
2220 th: clip 8 rank 78 comb 7
2224 th: clip 2 rank 23 comb 1
2227 th: clip 3 rank 1 comb 2
2229 th: clip 7 rank 5 comb 4
2230 th: clip 3 rank 3 comb 1
2233 th: clip 2 rank 45 comb 1
2234 th: clip 8 rank 34 comb 1
2235 th: clip 4 rank 14 comb 3
2255 th: clip 12 rank 1 comb 8
2258 th: clip 3 rank 0 comb 0
2259 th: clip 1 rank 2 comb 0
2269 th: clip 3 rank 7 comb 1
2276 th: clip 85 rank 7 comb 30
2277 th: clip 1 rank 0 comb 0
2278 th: clip 3 rank 36 comb 2
2279 th: clip 2 rank 36 comb 1
2291 th: clip 30 rank 6 comb 19
2292 th: clip 35 rank 53 comb 28
2307 th: clip 20 rank 33 comb 16
2309 th: clip 4 rank 1 comb 1
2321 th: clip 11 rank 13 comb 7
2348 th: clip 2 rank 6 comb 1
2351 th: clip 4 rank 0 comb 2
2352 th: clip 8 rank 15 comb 6
2353 th: clip 3 rank 15 comb 2
2354 th: clip 3 rank 8 comb 0
2366 th: clip 4 rank 13 comb 1
2368 th: clip 3 rank 2 comb 2
2377 th: clip 1 rank 99 comb 0
2380 th: clip 1 rank 1 comb 0
2382 th: clip 27 rank 65 comb 19
2420 th: clip 8 rank 22 comb 6
2423 th: clip 6 rank 26 comb 3
2425 th: clip 115 rank 25 comb 80
2426 th: clip 201 rank 2 comb 139
2427 th: clip 191 rank 3 comb 121
2428 th: clip 81 rank 76 comb 68
2429 th: clip 79 rank 5 comb 40
2444 th: clip 1 rank 14 comb 0
2446 th: clip 9 rank 42 comb 6
2469 th: clip 4 rank 1 comb 0
2476 th: clip 5 rank 2 comb 2
2477 th: clip 2 rank 6 comb 1
2479 th: clip 70 rank 57 comb 46
2501 th: clip 4 rank 115 comb 2
2521 th: clip 1 rank 0 comb 0
2522 th: clip 4 rank 200 comb 2
2544 th: clip 1 rank 47 comb 0
2545 th: clip 14 rank 8 comb 9
2564 th: clip 9 rank 190 comb 6
2574 th: clip 2 rank 5 comb 1
2579 th: clip 1 rank 0 comb 0
2581 th: clip 1 rank 0 comb 0
2583 th: clip 3 rank 0 comb 0
2586 th: clip 10 rank 10 comb 9
2592 th: clip 12 rank 84 comb 10
2600 th: clip 1 rank 33 comb 0
2601 th: clip 153 rank 28 comb 74
2613 th: clip 3 rank 0 comb 0
2631 th: clip 1 rank 1 comb 0
2633 th: clip 1 rank 13 comb 0
2634 th: clip 2 rank 0 comb 0
2640 th: clip 3 rank 230 comb 2
2644 th: clip 48 rank 27 comb 25
2646 th: clip 3 rank 24 comb 2
2648 th: clip 12 rank 117 comb 11
2649 th: clip 129 rank 28 comb 90
2657 th: clip 10 rank 43 comb 9
2665 th: clip 303 rank 148 comb 259
2669 th: clip 10 rank 0 comb 5
2710 th: clip 2 rank 29 comb 1
2717 th: clip 1 rank 0 comb 0
2723 th: clip 31 rank 148 comb 30
2727 th: clip 17 rank 176 comb 13
2737 th: clip 7 rank 40 comb 4
2738 th: clip 13 rank 10 comb 8
2739 th: clip 8 rank 6 comb 5
2740 th: clip 2 rank 20 comb 1
2746 th: clip 4 rank 2 comb 3
2748 th: clip 3 rank 12 comb 1
2769 th: clip 5 rank 50 comb 1
2777 th: clip 5 rank 66 comb 3
2794 th: clip 6 rank 27 comb 4
2811 th: clip 12 rank 0 comb 7
2825 th: clip 14 rank 6 comb 11
2828 th: clip 5 rank 12 comb 4
2829 th: clip 35 rank 8 comb 6
2832 th: clip 1 rank 0 comb 0
2834 th: clip 60 rank 1 comb 29
2837 th: clip 1 rank 57 comb 0
2839 th: clip 3 rank 25 comb 1
2845 th: clip 3 rank 61 comb 2
2854 th: clip 1 rank 186 comb 0
2860 th: clip 18 rank 3 comb 5
2863 th: clip 35 rank 1 comb 16
2876 th: clip 2 rank 2 comb 0
2877 th: clip 159 rank 0 comb 56
2882 th: clip 1 rank 4 comb 0
2919 th: clip 1 rank 0 comb 0
2922 th: clip 1 rank 7 comb 0
2929 th: clip 2 rank 273 comb 1
2933 th: clip 1 rank 3 comb 0
2951 th: clip 54 rank 57 comb 42
2956 th: clip 9 rank 0 comb 4
2957 th: clip 1 rank 0 comb 0
2958 th: clip 4 rank 0 comb 2
2975 th: clip 3 rank 57 comb 1
2976 th: clip 22 rank 2 comb 18
2977 th: clip 24 rank 16 comb 17
2978 th: clip 2 rank 1 comb 0
2982 th: clip 1 rank 15 comb 0
2989 th: clip 1 rank 12 comb 0
2992 th: clip 5 rank 3 comb 2
2994 th: clip 3 rank 1 comb 2
3002 th: clip 4 rank 1 comb 1
3006 th: clip 8 rank 61 comb 5
3009 th: clip 2 rank 265 comb 1
3012 th: clip 11 rank 51 comb 3
3014 th: clip 14 rank 6 comb 6
3025 th: clip 12 rank 38 comb 7
3028 th: clip 2 rank 22 comb 0
3041 th: clip 3 rank 33 comb 2
3050 th: clip 3 rank 36 comb 2
3054 th: clip 23 rank 143 comb 18
3061 th: clip 2 rank 8 comb 1
3063 th: clip 1 rank 14 comb 0
3064 th: clip 2 rank 21 comb 1
3078 th: clip 20 rank 3 comb 12
3087 th: clip 24 rank 11 comb 18
3102 th: clip 16 rank 14 comb 8
3103 th: clip 22 rank 6 comb 8
3106 th: clip 3 rank 7 comb 2
3107 th: clip 1 rank 31 comb 0
3109 th: clip 3 rank 82 comb 1
3144 th: clip 7 rank 47 comb 6
3146 th: clip 2 rank 25 comb 1
3147 th: clip 1 rank 15 comb 0
3149 th: clip 1 rank 1 comb 0
3151 th: clip 5 rank 10 comb 2
3156 th: clip 37 rank 12 comb 24
3158 th: clip 1 rank 41 comb 0
3166 th: clip 3 rank 77 comb 2
3172 th: clip 15 rank 121 comb 11
3193 th: clip 26 rank 12 comb 4
3194 th: clip 50 rank 15 comb 15
3201 th: clip 3 rank 7 comb 1
3206 th: clip 1 rank 0 comb 0
3212 th: clip 24 rank 123 comb 20
3213 th: clip 2 rank 0 comb 0
3214 th: clip 8 rank 8 comb 3
3221 th: clip 1 rank 11 comb 0
3225 th: clip 2 rank 0 comb 1
3228 th: clip 2 rank 20 comb 0
3229 th: clip 5 rank 7 comb 1
3232 th: clip 2 rank 45 comb 1
3234 th: clip 6 rank 92 comb 3
3241 th: clip 1 rank 13 comb 0
3257 th: clip 2 rank 6 comb 0
3265 th: clip 2 rank 0 comb 1
3267 th: clip 5 rank 146 comb 4
3281 th: clip 1 rank 0 comb 0
3284 th: clip 2 rank 14 comb 1
3301 th: clip 1 rank 3 comb 0
3303 th: clip 1 rank 0 comb 0
3306 th: clip 48 rank 0 comb 19
3308 th: clip 5 rank 41 comb 2
3315 th: clip 8 rank 48 comb 6
3316 th: clip 17 rank 49 comb 16
3330 th: clip 2 rank 94 comb 1
3331 th: clip 2 rank 32 comb 1
3332 th: clip 4 rank 0 comb 2
3333 th: clip 9 rank 11 comb 7
3334 th: clip 10 rank 1 comb 2
3336 th: clip 1 rank 10 comb 0
3341 th: clip 1 rank 0 comb 0
3344 th: clip 3 rank 1 comb 1
3348 th: clip 8 rank 19 comb 5
3370 th: clip 1 rank 69 comb 0
3375 th: clip 1 rank 4 comb 0
3376 th: clip 6 rank 4 comb 2
3377 th: clip 95 rank 15 comb 50
3379 th: clip 2 rank 1 comb 0
3381 th: clip 2 rank 16 comb 1
3383 th: clip 2 rank 5 comb 0
3384 th: clip 42 rank 24 comb 21
3386 th: clip 2 rank 8 comb 0
3391 th: clip 2 rank 18 comb 1
3396 th: clip 7 rank 27 comb 5
3399 th: clip 36 rank 24 comb 30
3411 th: clip 2 rank 183 comb 1
3413 th: clip 2 rank 290 comb 0
3421 th: clip 1 rank 11 comb 0
3423 th: clip 1 rank 1 comb 0
3424 th: clip 13 rank 143 comb 10
3425 th: clip 58 rank 294 comb 53
3444 th: clip 17 rank 220 comb 10
3445 th: clip 4 rank 0 comb 2
3447 th: clip 2 rank 64 comb 1
3460 th: clip 2 rank 13 comb 1
3461 th: clip 38 rank 3 comb 20
3462 th: clip 51 rank 4 comb 24
3463 th: clip 35 rank 98 comb 29
3464 th: clip 31 rank 4 comb 15
3468 th: clip 3 rank 11 comb 2
3469 th: clip 29 rank 65 comb 26
3486 th: clip 2 rank 12 comb 0
3487 th: clip 12 rank 117 comb 9
3488 th: clip 10 rank 50 comb 9
3497 th: clip 18 rank 13 comb 8
3499 th: clip 20 rank 1 comb 15
3501 th: clip 24 rank 11 comb 15
3505 th: clip 8 rank 1 comb 2
3506 th: clip 21 rank 0 comb 10
3507 th: clip 8 rank 0 comb 3
3508 th: clip 50 rank 5 comb 24
3509 th: clip 76 rank 22 comb 42
3518 th: clip 1 rank 2 comb 0
3525 th: clip 4 rank 1 comb 1
3528 th: clip 5 rank 1 comb 3
3534 th: clip 7 rank 19 comb 4
3540 th: clip 28 rank 10 comb 19
3541 th: clip 44 rank 283 comb 41
3542 th: clip 35 rank 6 comb 13
3544 th: clip 24 rank 20 comb 14
3547 th: clip 1 rank 17 comb 0
3548 th: clip 1 rank 1 comb 0
3577 th: clip 16 rank 7 comb 9
3578 th: clip 115 rank 2 comb 48
3579 th: clip 164 rank 7 comb 80
3584 th: clip 4 rank 138 comb 3
3589 th: clip 3 rank 2 comb 2
3616 th: clip 2 rank 3 comb 1
3618 th: clip 376 rank 48 comb 206
3619 th: clip 49 rank 0 comb 19
3624 th: clip 70 rank 12 comb 48
3633 th: clip 7 rank 96 comb 6
3644 th: clip 3 rank 4 comb 0
3645 th: clip 8 rank 0 comb 1
3647 th: clip 14 rank 0 comb 5
3648 th: clip 2 rank 0 comb 0
3649 th: clip 8 rank 0 comb 1
3673 th: clip 10 rank 33 comb 5
3674 th: clip 2 rank 92 comb 0
3677 th: clip 52 rank 68 comb 38
3692 th: clip 17 rank 304 comb 16
3696 th: clip 3 rank 1 comb 1
3698 th: clip 10 rank 37 comb 7
3701 th: clip 7 rank 11 comb 6
3716 th: clip 24 rank 39 comb 15
3725 th: clip 1 rank 0 comb 0
3733 th: clip 3 rank 6 comb 2
3739 th: clip 2 rank 17 comb 1
3748 th: clip 33 rank 48 comb 27
3752 th: clip 2 rank 41 comb 1
3754 th: clip 10 rank 107 comb 8
3755 th: clip 10 rank 10 comb 6
3757 th: clip 14 rank 59 comb 13
3760 th: clip 2 rank 16 comb 1
3761 th: clip 10 rank 45 comb 4
3763 th: clip 11 rank 82 comb 8
3764 th: clip 44 rank 58 comb 24
3768 th: clip 29 rank 31 comb 12
3770 th: clip 19 rank 97 comb 15
3772 th: clip 6 rank 105 comb 5
3773 th: clip 3 rank 37 comb 2
3791 th: clip 34 rank 112 comb 21
3795 th: clip 17 rank 19 comb 16
3796 th: clip 18 rank 0 comb 9
3799 th: clip 101 rank 106 comb 74
3801 th: clip 16 rank 224 comb 13
3814 th: clip 6 rank 7 comb 5
3815 th: clip 64 rank 163 comb 58
3817 th: clip 11 rank 3 comb 6
3818 th: clip 74 rank 35 comb 49
3824 th: clip 19 rank 19 comb 9
3825 th: clip 1 rank 0 comb 0
3826 th: clip 1 rank 0 comb 0
3828 th: clip 1 rank 0 comb 0
3835 th: clip 20 rank 113 comb 16
3838 th: clip 12 rank 43 comb 8
3839 th: clip 2 rank 31 comb 1
3842 th: clip 6 rank 1 comb 2
3851 th: clip 8 rank 20 comb 7
3853 th: clip 6 rank 11 comb 4
3854 th: clip 9 rank 11 comb 7
3866 th: clip 81 rank 190 comb 75
3869 th: clip 159 rank 212 comb 155
3879 th: clip 3 rank 17 comb 0
3881 th: clip 3 rank 4 comb 1
3908 th: clip 2 rank 70 comb 1
3912 th: clip 15 rank 46 comb 13
3914 th: clip 13 rank 130 comb 10
3919 th: clip 1 rank 37 comb 0
3922 th: clip 22 rank 14 comb 14
3924 th: clip 15 rank 2 comb 9
3925 th: clip 1 rank 2 comb 0
3936 th: clip 5 rank 21 comb 3
3938 th: clip 9 rank 117 comb 6
3942 th: clip 7 rank 46 comb 4
3943 th: clip 1 rank 10 comb 0
3948 th: clip 5 rank 67 comb 4
3950 th: clip 8 rank 2 comb 5
3953 th: clip 40 rank 2 comb 24
3954 th: clip 2 rank 0 comb 1
3957 th: clip 2 rank 24 comb 1
3959 th: clip 1 rank 4 comb 0
3963 th: clip 2 rank 241 comb 1
3965 th: clip 1 rank 0 comb 0
3971 th: clip 1 rank 0 comb 0
3972 th: clip 1 rank 2 comb 0
3974 th: clip 2 rank 0 comb 1
3988 th: clip 3 rank 4 comb 0
3990 th: clip 1 rank 0 comb 0
3996 th: clip 77 rank 8 comb 28
4003 th: clip 3 rank 0 comb 0
4004 th: clip 2 rank 0 comb 1
4021 th: clip 2 rank 0 comb 1
4023 th: clip 2 rank 0 comb 0
4024 th: clip 4 rank 6 comb 2
4038 th: clip 14 rank 0 comb 4
4040 th: clip 4 rank 0 comb 1
4041 th: clip 16 rank 5 comb 7
4044 th: clip 8 rank 9 comb 7
4052 th: clip 1 rank 8 comb 0
4053 th: clip 3 rank 141 comb 1
4070 th: clip 30 rank 141 comb 27
4072 th: clip 29 rank 57 comb 18
4073 th: clip 3 rank 47 comb 2
4078 th: clip 9 rank 9 comb 4
4079 th: clip 46 rank 64 comb 24
4081 th: clip 3 rank 26 comb 2
4082 th: clip 13 rank 122 comb 11
4084 th: clip 7 rank 199 comb 6
4085 th: clip 1 rank 33 comb 0
4087 th: clip 1 rank 19 comb 0
4089 th: clip 7 rank 71 comb 3
4091 th: clip 1 rank 7 comb 0
4092 th: clip 5 rank 1 comb 2
4095 th: clip 5 rank 36 comb 3
4098 th: clip 3 rank 16 comb 2
4099 th: clip 2 rank 7 comb 0
4118 th: clip 4 rank 62 comb 3
4125 th: clip 2 rank 14 comb 0
4141 th: clip 15 rank 209 comb 10
4147 th: clip 6 rank 184 comb 5
4148 th: clip 46 rank 91 comb 40
4152 th: clip 37 rank 29 comb 18
4154 th: clip 12 rank 425 comb 9
4191 th: clip 7 rank 51 comb 6
4192 th: clip 13 rank 2 comb 7
4193 th: clip 10 rank 3 comb 6
4209 th: clip 2 rank 6 comb 1
4210 th: clip 1 rank 3 comb 0
4212 th: clip 1 rank 11 comb 0
4235 th: clip 1 rank 10 comb 0
4237 th: clip 16 rank 14 comb 3
4239 th: clip 3 rank 47 comb 2
4240 th: clip 3 rank 9 comb 1
4241 th: clip 52 rank 3 comb 30
4242 th: clip 1 rank 5 comb 0
4244 th: clip 10 rank 4 comb 6
4255 th: clip 2 rank 1 comb 1
4256 th: clip 18 rank 1 comb 10
4257 th: clip 14 rank 2 comb 6
4258 th: clip 12 rank 1 comb 3
4259 th: clip 9 rank 3 comb 2
4273 th: clip 1 rank 51 comb 0
4288 th: clip 7 rank 35 comb 5
4289 th: clip 1 rank 0 comb 0
4290 th: clip 7 rank 30 comb 5
4298 th: clip 4 rank 123 comb 3
4306 th: clip 4 rank 6 comb 3
4308 th: clip 16 rank 313 comb 15
4336 th: clip 2 rank 2 comb 1
4337 th: clip 1 rank 1 comb 0
4338 th: clip 6 rank 5 comb 3
4339 th: clip 8 rank 33 comb 4
4369 th: clip 22 rank 108 comb 11
4372 th: clip 4 rank 202 comb 3
4375 th: clip 1 rank 16 comb 0
4406 th: clip 5 rank 12 comb 3
4414 th: clip 15 rank 43 comb 14
4423 th: clip 1 rank 19 comb 0
4425 th: clip 3 rank 3 comb 1
4426 th: clip 13 rank 35 comb 10
4428 th: clip 4 rank 2 comb 2
4449 th: clip 1 rank 2 comb 0
4452 th: clip 20 rank 121 comb 15
4454 th: clip 44 rank 94 comb 31
4466 th: clip 2 rank 162 comb 1
4468 th: clip 4 rank 167 comb 2
4475 th: clip 21 rank 11 comb 11
4476 th: clip 2 rank 1 comb 1
4477 th: clip 3 rank 2 comb 1
4478 th: clip 3 rank 4 comb 1
4479 th: clip 18 rank 25 comb 10
4488 th: clip 10 rank 56 comb 7
4489 th: clip 33 rank 73 comb 26
4493 th: clip 9 rank 4 comb 2
4494 th: clip 4 rank 2 comb 2
4501 th: clip 33 rank 8 comb 11
4503 th: clip 14 rank 4 comb 9
4504 th: clip 75 rank 10 comb 29
4516 th: clip 48 rank 36 comb 26
4530 th: clip 14 rank 2 comb 9
4531 th: clip 1 rank 2 comb 0
4532 th: clip 11 rank 0 comb 5
4537 th: clip 3 rank 8 comb 2
4540 th: clip 1 rank 1 comb 0
4541 th: clip 27 rank 22 comb 16
4542 th: clip 25 rank 63 comb 20
4543 th: clip 1 rank 1 comb 0
4544 th: clip 52 rank 67 comb 41
4545 th: clip 2 rank 4 comb 0
4550 th: clip 3 rank 26 comb 2
4551 th: clip 10 rank 12 comb 3
4552 th: clip 16 rank 11 comb 11
4556 th: clip 4 rank 60 comb 1
4565 th: clip 3 rank 15 comb 1
4567 th: clip 2 rank 14 comb 0
4568 th: clip 5 rank 8 comb 3
4569 th: clip 9 rank 0 comb 1
4570 th: clip 9 rank 12 comb 3
4571 th: clip 11 rank 0 comb 5
4573 th: clip 2 rank 9 comb 0
4574 th: clip 71 rank 44 comb 43
4585 th: clip 13 rank 281 comb 12
4607 th: clip 7 rank 8 comb 5
4608 th: clip 31 rank 92 comb 24
4609 th: clip 130 rank 13 comb 67
4610 th: clip 2 rank 0 comb 1
4614 th: clip 2 rank 0 comb 0
4617 th: clip 97 rank 16 comb 56
4630 th: clip 1 rank 0 comb 0
4631 th: clip 5 rank 12 comb 3
4632 th: clip 2 rank 18 comb 0
4640 th: clip 63 rank 42 comb 45
4641 th: clip 2 rank 31 comb 1
4642 th: clip 1 rank 2 comb 0
4670 th: clip 2 rank 12 comb 1
4671 th: clip 9 rank 1 comb 2
4672 th: clip 7 rank 4 comb 3
4673 th: clip 11 rank 18 comb 4
4674 th: clip 45 rank 15 comb 26
4675 th: clip 1 rank 53 comb 0
4678 th: clip 1 rank 7 comb 0
4679 th: clip 1 rank 18 comb 0
4686 th: clip 27 rank 53 comb 20
4688 th: clip 16 rank 6 comb 8
4699 th: clip 1 rank 2 comb 0
4704 th: clip 1 rank 2 comb 0
4708 th: clip 4 rank 1 comb 2
4716 th: clip 53 rank 8 comb 26
4717 th: clip 7 rank 12 comb 3
4718 th: clip 75 rank 1 comb 27
4723 th: clip 4 rank 8 comb 1
4724 th: clip 5 rank 8 comb 2
4734 th: clip 3 rank 1 comb 2
4735 th: clip 1 rank 0 comb 0
4736 th: clip 14 rank 4 comb 9
4737 th: clip 7 rank 0 comb 2
4738 th: clip 8 rank 0 comb 7
4739 th: clip 14 rank 11 comb 9
4740 th: clip 2 rank 15 comb 0
4741 th: clip 2 rank 39 comb 1
4747 th: clip 3 rank 3 comb 0
4759 th: clip 10 rank 11 comb 9
4761 th: clip 8 rank 1 comb 4
4762 th: clip 2 rank 0 comb 0
4770 th: clip 3 rank 37 comb 2
4774 th: clip 1 rank 12 comb 0
4775 th: clip 18 rank 12 comb 15
4776 th: clip 16 rank 14 comb 12
4777 th: clip 240 rank 50 comb 175
4778 th: clip 52 rank 117 comb 42
4779 th: clip 4 rank 6 comb 3
4793 th: clip 1 rank 23 comb 0
4794 th: clip 3 rank 15 comb 2
4807 th: clip 14 rank 0 comb 2
4808 th: clip 8 rank 0 comb 1
4809 th: clip 6 rank 1 comb 5
4813 th: clip 3 rank 70 comb 2
4814 th: clip 5 rank 81 comb 3
4844 th: clip 43 rank 499 comb 36
4856 th: clip 3 rank 15 comb 2
4864 th: clip 14 rank 0 comb 4
4885 th: clip 7 rank 23 comb 5
4886 th: clip 27 rank 27 comb 23
4892 th: clip 2 rank 5 comb 1
4893 th: clip 4 rank 7 comb 2
4894 th: clip 3 rank 13 comb 2
4904 th: clip 1 rank 45 comb 0
4907 th: clip 2 rank 3 comb 1
4909 th: clip 5 rank 0 comb 2
4913 th: clip 2 rank 15 comb 0
4914 th: clip 10 rank 403 comb 9
4916 th: clip 6 rank 14 comb 4
4925 th: clip 1 rank 22 comb 0
4934 th: clip 2 rank 255 comb 1
4936 th: clip 2 rank 0 comb 1
4937 th: clip 5 rank 10 comb 3
4939 th: clip 1 rank 0 comb 0
4956 th: clip 6 rank 7 comb 5
4964 th: clip 1 rank 5 comb 0
4968 th: clip 13 rank 3 comb 9
4969 th: clip 9 rank 12 comb 8
4974 th: clip 1 rank 2 comb 0
4986 th: clip 1 rank 15 comb 0
4987 th: clip 1 rank 10 comb 0
4988 th: clip 17 rank 5 comb 7
4989 th: clip 38 rank 58 comb 23
4995 th: clip 13 rank 23 comb 9
65.4, 87.2, 91.7, 244.3
11.14, 27.6, 36.66, 75.4
66.84, 88.3, 93.22, 248.35999999999999
r1, r5, r10, r1+r5+r10
65.4, 87.2, 91.7, 244.3
11.14, 27.6, 36.66, 75.4
66.84, 88.3, 93.22, 248.35999999999999
